{"/home/icklekins/coursework/charmelions/charmelions/db/users.cjs": {"path":"/home/icklekins/coursework/charmelions/charmelions/db/users.cjs","statementMap":{"0":{"start":{"line":2,"column":25},"end":{"line":2,"column":50}},"1":{"start":{"line":3,"column":15},"end":{"line":3,"column":33}},"2":{"start":{"line":4,"column":15},"end":{"line":4,"column":32}},"3":{"start":{"line":8,"column":19},"end":{"line":19,"column":1}},"4":{"start":{"line":9,"column":2},"end":{"line":18,"column":3}},"5":{"start":{"line":10,"column":20},"end":{"line":12,"column":6}},"6":{"start":{"line":14,"column":4},"end":{"line":14,"column":19}},"7":{"start":{"line":16,"column":4},"end":{"line":16,"column":44}},"8":{"start":{"line":17,"column":4},"end":{"line":17,"column":14}},"9":{"start":{"line":23,"column":20},"end":{"line":31,"column":1}},"10":{"start":{"line":24,"column":2},"end":{"line":30,"column":3}},"11":{"start":{"line":25,"column":17},"end":{"line":25,"column":45}},"12":{"start":{"line":27,"column":4},"end":{"line":27,"column":16}},"13":{"start":{"line":29,"column":4},"end":{"line":29,"column":14}},"14":{"start":{"line":33,"column":26},"end":{"line":45,"column":1}},"15":{"start":{"line":34,"column":2},"end":{"line":44,"column":3}},"16":{"start":{"line":35,"column":17},"end":{"line":39,"column":6}},"17":{"start":{"line":40,"column":4},"end":{"line":40,"column":16}},"18":{"start":{"line":42,"column":4},"end":{"line":42,"column":43}},"19":{"start":{"line":43,"column":4},"end":{"line":43,"column":14}},"20":{"start":{"line":47,"column":20},"end":{"line":59,"column":1}},"21":{"start":{"line":48,"column":2},"end":{"line":58,"column":3}},"22":{"start":{"line":49,"column":21},"end":{"line":53,"column":6}},"23":{"start":{"line":55,"column":4},"end":{"line":55,"column":25}},"24":{"start":{"line":57,"column":4},"end":{"line":57,"column":14}},"25":{"start":{"line":62,"column":24},"end":{"line":78,"column":1}},"26":{"start":{"line":63,"column":2},"end":{"line":77,"column":3}},"27":{"start":{"line":64,"column":24},"end":{"line":72,"column":6}},"28":{"start":{"line":74,"column":4},"end":{"line":74,"column":23}},"29":{"start":{"line":76,"column":4},"end":{"line":76,"column":14}},"30":{"start":{"line":80,"column":19},"end":{"line":100,"column":1}},"31":{"start":{"line":81,"column":2},"end":{"line":99,"column":3}},"32":{"start":{"line":82,"column":30},"end":{"line":82,"column":38}},"33":{"start":{"line":83,"column":23},"end":{"line":83,"column":25}},"34":{"start":{"line":84,"column":27},"end":{"line":84,"column":75}},"35":{"start":{"line":86,"column":24},"end":{"line":94,"column":6}},"36":{"start":{"line":96,"column":4},"end":{"line":96,"column":23}},"37":{"start":{"line":98,"column":4},"end":{"line":98,"column":14}},"38":{"start":{"line":104,"column":19},"end":{"line":118,"column":1}},"39":{"start":{"line":105,"column":2},"end":{"line":117,"column":3}},"40":{"start":{"line":106,"column":17},"end":{"line":111,"column":6}},"41":{"start":{"line":113,"column":4},"end":{"line":113,"column":16}},"42":{"start":{"line":115,"column":4},"end":{"line":115,"column":46}},"43":{"start":{"line":116,"column":4},"end":{"line":116,"column":14}},"44":{"start":{"line":120,"column":0},"end":{"line":128,"column":2}}},"fnMap":{"0":{"name":"(anonymous_0)","decl":{"start":{"line":8,"column":19},"end":{"line":8,"column":20}},"loc":{"start":{"line":8,"column":78},"end":{"line":19,"column":1}},"line":8},"1":{"name":"(anonymous_1)","decl":{"start":{"line":23,"column":20},"end":{"line":23,"column":21}},"loc":{"start":{"line":23,"column":32},"end":{"line":31,"column":1}},"line":23},"2":{"name":"(anonymous_2)","decl":{"start":{"line":33,"column":26},"end":{"line":33,"column":27}},"loc":{"start":{"line":33,"column":46},"end":{"line":45,"column":1}},"line":33},"3":{"name":"(anonymous_3)","decl":{"start":{"line":47,"column":20},"end":{"line":47,"column":21}},"loc":{"start":{"line":47,"column":38},"end":{"line":59,"column":1}},"line":47},"4":{"name":"(anonymous_4)","decl":{"start":{"line":62,"column":24},"end":{"line":62,"column":25}},"loc":{"start":{"line":62,"column":53},"end":{"line":78,"column":1}},"line":62},"5":{"name":"(anonymous_5)","decl":{"start":{"line":80,"column":19},"end":{"line":80,"column":20}},"loc":{"start":{"line":80,"column":57},"end":{"line":100,"column":1}},"line":80},"6":{"name":"(anonymous_6)","decl":{"start":{"line":104,"column":19},"end":{"line":104,"column":20}},"loc":{"start":{"line":104,"column":38},"end":{"line":118,"column":1}},"line":104}},"branchMap":{},"s":{"0":1,"1":1,"2":1,"3":1,"4":0,"5":0,"6":0,"7":0,"8":0,"9":1,"10":0,"11":0,"12":0,"13":0,"14":1,"15":0,"16":0,"17":0,"18":0,"19":0,"20":1,"21":0,"22":0,"23":0,"24":0,"25":1,"26":0,"27":0,"28":0,"29":0,"30":1,"31":0,"32":0,"33":0,"34":0,"35":0,"36":0,"37":0,"38":1,"39":0,"40":0,"41":0,"42":0,"43":0,"44":1},"f":{"0":0,"1":0,"2":0,"3":0,"4":0,"5":0,"6":0},"b":{},"inputSourceMap":null,"_coverageSchema":"1a1c01bbd47fc00a2c39e90264f33305004495a9","hash":"b1c5a8fdcdd5ade3ee6a9a44afa13745fe263822"}
,"/home/icklekins/coursework/charmelions/charmelions/testing/client.cjs": {"path":"/home/icklekins/coursework/charmelions/charmelions/testing/client.cjs","statementMap":{"0":{"start":{"line":3,"column":25},"end":{"line":3,"column":50}},"1":{"start":{"line":5,"column":15},"end":{"line":5,"column":33}},"2":{"start":{"line":6,"column":0},"end":{"line":6,"column":24}}},"fnMap":{},"branchMap":{},"s":{"0":1,"1":1,"2":1},"f":{},"b":{},"inputSourceMap":null,"_coverageSchema":"1a1c01bbd47fc00a2c39e90264f33305004495a9","hash":"344bb2f5ee11455ad4ad78b5de83834a5c091a40"}
}
